Sun Sep 30 07:58:47 2018 Read data
Sun Sep 30 07:58:49 2018 Create true list of tuples
Sun Sep 30 07:58:49 2018 Create false list of tuples
Sun Sep 30 08:01:03 2018 Merging lists
Sun Sep 30 08:01:03 2018 len(d_list): 11300
Sun Sep 30 08:01:03 2018 Create train input arrays
2018-09-30 08:01:10.169994: I tensorflow/core/platform/cpu_feature_guard.cc:141] Your CPU supports instructions that this TensorFlow binary was not compiled to use: AVX2 FMA
08:01:10  Model build
__________________________________________________________________________________________________
Layer (type)                    Output Shape         Param #     Connected to                     
==================================================================================================
input_1 (InputLayer)            (None, 84)           0                                            
__________________________________________________________________________________________________
input_2 (InputLayer)            (None, 83)           0                                            
__________________________________________________________________________________________________
dense_1 (Dense)                 (None, 200)          17000       input_1[0][0]                    
__________________________________________________________________________________________________
dense_2 (Dense)                 (None, 200)          16800       input_2[0][0]                    
__________________________________________________________________________________________________
concatenate_1 (Concatenate)     (None, 400)          0           dense_1[0][0]                    
                                                                 dense_2[0][0]                    
__________________________________________________________________________________________________
dense_4 (Dense)                 (None, 84)           33684       concatenate_1[0][0]              
__________________________________________________________________________________________________
dense_6 (Dense)                 (None, 1)            85          dense_4[0][0]                    
==================================================================================================
Total params: 67,569
Trainable params: 67,569
Non-trainable params: 0
__________________________________________________________________________________________________
None
08:01:10  Fit
Sun Sep 30 08:02:11 2018 i: 0, val_acc average: 0.5968593362196335, max: 0.7667354734834757
Sun Sep 30 08:03:11 2018 i: 1, val_acc average: 0.5779563573503769, max: 0.8109702123403197
Sun Sep 30 08:04:12 2018 i: 2, val_acc average: 0.6145443846605251, max: 0.7752875226221053
Sun Sep 30 08:05:12 2018 i: 3, val_acc average: 0.5880802144965779, max: 0.761132403975284
Sun Sep 30 08:06:12 2018 i: 4, val_acc average: 0.5894013588960122, max: 0.7976997865930274
Sun Sep 30 08:07:12 2018 i: 5, val_acc average: 0.592733709090528, max: 0.7976997918662192
Sun Sep 30 08:08:11 2018 i: 6, val_acc average: 0.6127720460957025, max: 0.7679150643618681
Sun Sep 30 08:09:12 2018 i: 7, val_acc average: 0.5937186697892904, max: 0.757298725697538
Sun Sep 30 08:10:12 2018 i: 8, val_acc average: 0.6090238890478531, max: 0.790032436505984
Sun Sep 30 08:11:12 2018 i: 9, val_acc average: 0.5922382801600005, max: 0.7841344690189288
Sun Sep 30 08:12:12 2018 i: 10, val_acc average: 0.5983220313753975, max: 0.7564140370341397
Sun Sep 30 08:13:12 2018 i: 11, val_acc average: 0.5992657062391313, max: 0.7767620169107488
Sun Sep 30 08:14:12 2018 i: 12, val_acc average: 0.5922471271913177, max: 0.7687997600561889
Sun Sep 30 08:15:12 2018 i: 13, val_acc average: 0.597428489675769, max: 0.8422294260653308
Sun Sep 30 08:16:12 2018 i: 14, val_acc average: 0.5838749652247589, max: 0.7705691496870997
Sun Sep 30 08:17:12 2018 i: 15, val_acc average: 0.603326454606117, max: 0.8112651094403178
Sun Sep 30 08:18:11 2018 i: 16, val_acc average: 0.5986346236152332, max: 0.7864936546075664
Sun Sep 30 08:19:11 2018 i: 17, val_acc average: 0.5872279586648034, max: 0.7593630185805039
Sun Sep 30 08:20:11 2018 i: 18, val_acc average: 0.598360367789579, max: 0.8059569405475854
Sun Sep 30 08:21:10 2018 i: 19, val_acc average: 0.5930374544785108, max: 0.7861987575075683
Sun Sep 30 08:22:10 2018 i: 20, val_acc average: 0.5863580088577539, max: 0.7879681488962098
Sun Sep 30 08:23:10 2018 i: 21, val_acc average: 0.6045532313288928, max: 0.7720436387025512
Sun Sep 30 08:24:10 2018 i: 22, val_acc average: 0.5901474513315198, max: 0.7717487451180144
Sun Sep 30 08:25:10 2018 i: 23, val_acc average: 0.5966293154178345, max: 0.771158947402557
Sun Sep 30 08:26:10 2018 i: 24, val_acc average: 0.5830639947761445, max: 0.7640813862423178
Sun Sep 30 08:27:10 2018 i: 25, val_acc average: 0.5986346237355279, max: 0.7514007652414052
Sun Sep 30 08:28:10 2018 i: 26, val_acc average: 0.597036274951693, max: 0.7640813915155097
Sun Sep 30 08:29:10 2018 i: 27, val_acc average: 0.5853671510522431, max: 0.7390150397409558
Sun Sep 30 08:30:10 2018 i: 28, val_acc average: 0.5955529369429452, max: 0.7631966923057277
Sun Sep 30 08:31:10 2018 i: 29, val_acc average: 0.5876054284514859, max: 0.8215865483680541
Sun Sep 30 08:32:11 2018 i: 30, val_acc average: 0.5927690970919206, max: 0.7581834257861851
Sun Sep 30 08:33:11 2018 i: 31, val_acc average: 0.5937835473100789, max: 0.8021232668223616
Sun Sep 30 08:34:11 2018 i: 32, val_acc average: 0.5796874104297836, max: 0.7446181046966254
Sun Sep 30 08:35:11 2018 i: 33, val_acc average: 0.5903833700540723, max: 0.7767620133952875
Sun Sep 30 08:36:11 2018 i: 34, val_acc average: 0.597239754763686, max: 0.7519905620779973
Sun Sep 30 08:37:11 2018 i: 35, val_acc average: 0.6003391354240805, max: 0.8044824488955379
Sun Sep 30 08:38:11 2018 i: 36, val_acc average: 0.6115688613273338, max: 0.7738130292123273
Sun Sep 30 08:39:10 2018 i: 37, val_acc average: 0.5993099404795003, max: 0.7988793802662115
Sun Sep 30 08:40:10 2018 i: 38, val_acc average: 0.6054615186278763, max: 0.7581834249073198
Sun Sep 30 08:41:10 2018 i: 39, val_acc average: 0.601430258725692, max: 0.7985844831662134
Sun Sep 30 08:42:10 2018 i: 40, val_acc average: 0.5867502232839826, max: 0.7773518075952837
Sun Sep 30 08:43:10 2018 i: 41, val_acc average: 0.5987053987415042, max: 0.772043641339147
Sun Sep 30 08:44:09 2018 i: 42, val_acc average: 0.6050958441530083, max: 0.8192273627794165
Sun Sep 30 08:45:09 2018 i: 43, val_acc average: 0.5981863779384139, max: 0.7985844840450788
Sun Sep 30 08:46:09 2018 i: 44, val_acc average: 0.6017929842989025, max: 0.7915069228848396
Sun Sep 30 08:47:09 2018 i: 45, val_acc average: 0.5972544997598755, max: 0.7540548479300409
Sun Sep 30 08:48:08 2018 i: 46, val_acc average: 0.5968740810554521, max: 0.7749926202489155
Sun Sep 30 08:49:08 2018 i: 47, val_acc average: 0.6059982333930588, max: 0.7708640476659631
Sun Sep 30 08:50:08 2018 i: 48, val_acc average: 0.5955087018695001, max: 0.7814803845725626
Sun Sep 30 08:51:08 2018 i: 49, val_acc average: 0.60182542278185, max: 0.7708640494236936
Sun Sep 30 08:52:08 2018 i: 50, val_acc average: 0.5861043965451769, max: 0.7466823958218607
Sun Sep 30 08:53:09 2018 i: 51, val_acc average: 0.5916632284259628, max: 0.7717487433602838
Sun Sep 30 08:54:09 2018 i: 52, val_acc average: 0.6031200259562283, max: 0.7879681471384792
Sun Sep 30 08:55:09 2018 i: 53, val_acc average: 0.5984458884566943, max: 0.7720436395814165
Sun Sep 30 08:56:09 2018 i: 54, val_acc average: 0.6033353018859554, max: 0.7991742773662096
Sun Sep 30 08:57:09 2018 i: 55, val_acc average: 0.5964081414365129, max: 0.7717487459968796
Sun Sep 30 08:58:09 2018 i: 56, val_acc average: 0.6024830457951793, max: 0.8080212334305514
Sun Sep 30 08:59:10 2018 i: 57, val_acc average: 0.5983131840136491, max: 0.7726334372968738
Sun Sep 30 09:00:10 2018 i: 58, val_acc average: 0.6012562686921625, max: 0.7870834558384849
Sun Sep 30 09:01:10 2018 i: 59, val_acc average: 0.6012857585462084, max: 0.756119135539815
Sun Sep 30 09:02:10 2018 i: 60, val_acc average: 0.5978442960104402, max: 0.7811854892302952
Sun Sep 30 09:03:11 2018 i: 61, val_acc average: 0.5877115919590172, max: 0.7720436404602818
Sun Sep 30 09:04:11 2018 i: 62, val_acc average: 0.6115452696256444, max: 0.7590681214805058
Sun Sep 30 09:05:11 2018 i: 63, val_acc average: 0.5883603679594636, max: 0.819522258121684
Sun Sep 30 09:06:11 2018 i: 64, val_acc average: 0.6076172248062501, max: 0.7634915955577829
Sun Sep 30 09:07:11 2018 i: 65, val_acc average: 0.5915865545814121, max: 0.7617221981752801
Sun Sep 30 09:08:11 2018 i: 66, val_acc average: 0.6096136854413652, max: 0.8183426644484999
Sun Sep 30 09:09:11 2018 i: 67, val_acc average: 0.6160011821806834, max: 0.7658507793886898
Sun Sep 30 09:10:11 2018 i: 68, val_acc average: 0.6042258945364528, max: 0.7844293669977922
Sun Sep 30 09:11:11 2018 i: 69, val_acc average: 0.59876437866026, max: 0.7676201646252742
Sun Sep 30 09:12:10 2018 i: 70, val_acc average: 0.6035417305304391, max: 0.7979946872084867
Sun Sep 30 09:13:10 2018 i: 71, val_acc average: 0.5987466844425497, max: 0.8012385684914449
Sun Sep 30 09:14:10 2018 i: 72, val_acc average: 0.6019640246405868, max: 0.8212916477525948
Sun Sep 30 09:15:10 2018 i: 73, val_acc average: 0.5896431751837512, max: 0.7590681214805058
Sun Sep 30 09:16:10 2018 i: 74, val_acc average: 0.600336186597478, max: 0.7903273388791738
Sun Sep 30 09:17:10 2018 i: 75, val_acc average: 0.6011943405296459, max: 0.7755824197221034
Sun Sep 30 09:18:10 2018 i: 76, val_acc average: 0.5973901530220969, max: 0.7685048611984602
Sun Sep 30 09:19:10 2018 i: 77, val_acc average: 0.5898525530820098, max: 0.790032433869388
Sun Sep 30 09:20:10 2018 i: 78, val_acc average: 0.59271011745427, max: 0.8089059282460068
Sun Sep 30 09:21:10 2018 i: 79, val_acc average: 0.5983338271627223, max: 0.7823650811457487
Sun Sep 30 09:22:10 2018 i: 80, val_acc average: 0.5968504888426805, max: 0.78973753676939
Sun Sep 30 09:23:10 2018 i: 81, val_acc average: 0.5868622849871542, max: 0.7679150678773293
Sun Sep 30 09:24:10 2018 i: 82, val_acc average: 0.5962960803018791, max: 0.7640813888789137
Sun Sep 30 09:25:10 2018 i: 83, val_acc average: 0.587098203195922, max: 0.7528752595300486
/home/ec2-user/anaconda3/lib/python3.6/site-packages/h5py/__init__.py:36: FutureWarning: Conversion of the second argument of issubdtype from `float` to `np.floating` is deprecated. In future, it will be treated as `np.float64 == np.dtype(float).type`.
  from ._conv import register_converters as _register_converters
Using TensorFlow backend.
