Sun Sep 30 11:16:05 2018 Read data
Sun Sep 30 11:16:07 2018 Create true list of tuples
Sun Sep 30 11:16:07 2018 Create false list of tuples
Sun Sep 30 11:18:22 2018 Merging lists
Sun Sep 30 11:18:22 2018 len(d_list): 11300
Sun Sep 30 11:18:22 2018 Create train input arrays
2018-09-30 11:18:29.174033: I tensorflow/core/platform/cpu_feature_guard.cc:141] Your CPU supports instructions that this TensorFlow binary was not compiled to use: AVX2 FMA
11:18:29  Model build
__________________________________________________________________________________________________
Layer (type)                    Output Shape         Param #     Connected to                     
==================================================================================================
input_1 (InputLayer)            (None, 84)           0                                            
__________________________________________________________________________________________________
input_2 (InputLayer)            (None, 83)           0                                            
__________________________________________________________________________________________________
dense_1 (Dense)                 (None, 200)          17000       input_1[0][0]                    
__________________________________________________________________________________________________
dense_2 (Dense)                 (None, 200)          16800       input_2[0][0]                    
__________________________________________________________________________________________________
concatenate_1 (Concatenate)     (None, 400)          0           dense_1[0][0]                    
                                                                 dense_2[0][0]                    
__________________________________________________________________________________________________
dense_4 (Dense)                 (None, 84)           33684       concatenate_1[0][0]              
__________________________________________________________________________________________________
dense_6 (Dense)                 (None, 1)            85          dense_4[0][0]                    
==================================================================================================
Total params: 67,569
Trainable params: 67,569
Non-trainable params: 0
__________________________________________________________________________________________________
None
11:18:29  Fit
Sun Sep 30 11:21:29 2018 i: 0, val_acc average: 0.6845148939486334, max: 0.8472426943426039
Sun Sep 30 11:24:28 2018 i: 1, val_acc average: 0.6756119153537145, max: 0.8481273898787289
Sun Sep 30 11:27:29 2018 i: 2, val_acc average: 0.6791172729048006, max: 0.8434090206173801
Sun Sep 30 11:30:28 2018 i: 3, val_acc average: 0.6826010037329061, max: 0.8560896414600969
Sun Sep 30 11:33:28 2018 i: 4, val_acc average: 0.6863019770858788, max: 0.8360365623571429
Sun Sep 30 11:36:28 2018 i: 5, val_acc average: 0.6880762813928075, max: 0.8496018825678374
Sun Sep 30 11:39:27 2018 i: 6, val_acc average: 0.6756767928182557, max: 0.8392804410035053
Sun Sep 30 11:42:26 2018 i: 7, val_acc average: 0.6848225708733551, max: 0.8357416643782796
Sun Sep 30 11:45:25 2018 i: 8, val_acc average: 0.6775267888562384, max: 0.8622825088419418
Sun Sep 30 11:48:23 2018 i: 9, val_acc average: 0.6894858955655269, max: 0.8463579995271485
Sun Sep 30 11:51:22 2018 i: 10, val_acc average: 0.6794121712710971, max: 0.8596284224796492
Sun Sep 30 11:54:23 2018 i: 11, val_acc average: 0.6747360675046649, max: 0.8746682369789871
Sun Sep 30 11:57:22 2018 i: 12, val_acc average: 0.670462009129493, max: 0.8381008473303212
Sun Sep 30 12:00:22 2018 i: 13, val_acc average: 0.6790170075675254, max: 0.8525508648348712
Sun Sep 30 12:03:21 2018 i: 14, val_acc average: 0.6724407763236319, max: 0.8195222569264271
Sun Sep 30 12:06:19 2018 i: 15, val_acc average: 0.6865172528688575, max: 0.8333824796685073
Sun Sep 30 12:09:18 2018 i: 16, val_acc average: 0.6812769110525494, max: 0.8554998455023702
Sun Sep 30 12:12:16 2018 i: 17, val_acc average: 0.6883092513734362, max: 0.8324977804587254
Sun Sep 30 12:15:15 2018 i: 18, val_acc average: 0.6847724383822115, max: 0.8324977794216644
Sun Sep 30 12:18:15 2018 i: 19, val_acc average: 0.6851793979567176, max: 0.8531406618296591
Sun Sep 30 12:21:13 2018 i: 20, val_acc average: 0.6850997758486387, max: 0.8481273917946552
Sun Sep 30 12:24:13 2018 i: 21, val_acc average: 0.6881686830468703, max: 0.8451784074534993
Sun Sep 30 12:27:12 2018 i: 22, val_acc average: 0.6679239184494264, max: 0.8348569641314366
Sun Sep 30 12:30:10 2018 i: 23, val_acc average: 0.6729794569331395, max: 0.839870235924171
Sun Sep 30 12:33:09 2018 i: 24, val_acc average: 0.6792942118578799, max: 0.8510763707044237
Sun Sep 30 12:36:08 2018 i: 25, val_acc average: 0.6750978098074182, max: 0.8525508641142017
Sun Sep 30 12:39:07 2018 i: 26, val_acc average: 0.6824624022485734, max: 0.8354467636046246
Sun Sep 30 12:42:07 2018 i: 27, val_acc average: 0.6877479619553257, max: 0.8389855439035072
Sun Sep 30 12:45:06 2018 i: 28, val_acc average: 0.682021037603831, max: 0.8670008772244252
Sun Sep 30 12:48:05 2018 i: 29, val_acc average: 0.6924869766516324, max: 0.8410498306344161
Sun Sep 30 12:51:04 2018 i: 30, val_acc average: 0.690042270363032, max: 0.8578590337276036
Sun Sep 30 12:54:04 2018 i: 31, val_acc average: 0.6797129668497448, max: 0.8534355571719265
Sun Sep 30 12:57:04 2018 i: 32, val_acc average: 0.6850634046027303, max: 0.8342671709685014
Sun Sep 30 13:00:02 2018 i: 33, val_acc average: 0.6847213224176517, max: 0.8345620715839608
Sun Sep 30 13:03:01 2018 i: 34, val_acc average: 0.6736626381420459, max: 0.8171630730955202
Sun Sep 30 13:06:00 2018 i: 35, val_acc average: 0.6788449838462729, max: 0.8348569685257631
Sun Sep 30 13:08:59 2018 i: 36, val_acc average: 0.6732605940331376, max: 0.8522559643776078
Sun Sep 30 13:11:58 2018 i: 37, val_acc average: 0.6884016531641041, max: 0.8484222853791921
Sun Sep 30 13:14:59 2018 i: 38, val_acc average: 0.688425244665317, max: 0.8563845404760214
Sun Sep 30 13:17:59 2018 i: 39, val_acc average: 0.6857190612889515, max: 0.8528457584194081
Sun Sep 30 13:20:58 2018 i: 40, val_acc average: 0.686868182287436, max: 0.8437039159596476
Sun Sep 30 13:23:58 2018 i: 41, val_acc average: 0.6795645345289949, max: 0.8484222853791921
Sun Sep 30 13:26:58 2018 i: 42, val_acc average: 0.6889324697258535, max: 0.8572692360121463
Sun Sep 30 13:29:57 2018 i: 43, val_acc average: 0.682076085091976, max: 0.8431141189648598
Sun Sep 30 13:32:56 2018 i: 44, val_acc average: 0.6737933763604441, max: 0.8457682009328259
Sun Sep 30 13:35:55 2018 i: 45, val_acc average: 0.6830325387209247, max: 0.8401651419710178
Sun Sep 30 13:38:54 2018 i: 46, val_acc average: 0.6793512257512567, max: 0.8746682378578523
Sun Sep 30 13:41:53 2018 i: 47, val_acc average: 0.655558835117881, max: 0.7985844822873481
Sun Sep 30 13:44:52 2018 i: 48, val_acc average: 0.6817546463011743, max: 0.8348569669262282
Sun Sep 30 13:47:52 2018 i: 49, val_acc average: 0.6747635916628184, max: 0.8454733055905584
Sun Sep 30 13:50:52 2018 i: 50, val_acc average: 0.6916622447371952, max: 0.8613978113898905
Sun Sep 30 13:53:53 2018 i: 51, val_acc average: 0.6894682014697007, max: 0.8522559670142036
Sun Sep 30 13:56:51 2018 i: 52, val_acc average: 0.6908070391898974, max: 0.8469478007580671
Sun Sep 30 13:59:50 2018 i: 53, val_acc average: 0.6831878517320418, max: 0.8330875781741827
Sun Sep 30 14:02:49 2018 i: 54, val_acc average: 0.6663295019748454, max: 0.8439988172957764
Sun Sep 30 14:05:49 2018 i: 55, val_acc average: 0.6813575165551883, max: 0.8516661682616852
Sun Sep 30 14:08:50 2018 i: 56, val_acc average: 0.6849365986689485, max: 0.87201414829649
Sun Sep 30 14:11:49 2018 i: 57, val_acc average: 0.6784026361938106, max: 0.8528457638507957
Sun Sep 30 14:14:49 2018 i: 58, val_acc average: 0.6783800274809456, max: 0.8437039133230517
Sun Sep 30 14:17:49 2018 i: 59, val_acc average: 0.6851980750818254, max: 0.8431141191230556
Sun Sep 30 14:20:49 2018 i: 60, val_acc average: 0.680258528836929, max: 0.8501916776466988
Sun Sep 30 14:23:47 2018 i: 61, val_acc average: 0.6896765958262114, max: 0.8498967787889702
Sun Sep 30 14:26:46 2018 i: 62, val_acc average: 0.6841315259142082, max: 0.8572692326548809
Sun Sep 30 14:29:46 2018 i: 63, val_acc average: 0.6829450520592858, max: 0.8513712669255564
Sun Sep 30 14:32:44 2018 i: 64, val_acc average: 0.6808031076946629, max: 0.8717192519171616
Sun Sep 30 14:35:43 2018 i: 65, val_acc average: 0.6838307300350545, max: 0.8416396317071388
Sun Sep 30 14:38:43 2018 i: 66, val_acc average: 0.6772220605584116, max: 0.845768204448287
Sun Sep 30 14:41:43 2018 i: 67, val_acc average: 0.682246143292655, max: 0.8375110513725944
Sun Sep 30 14:44:42 2018 i: 68, val_acc average: 0.6807647709144927, max: 0.83928044012464
Sun Sep 30 14:47:40 2018 i: 69, val_acc average: 0.6735938289491072, max: 0.8260100231660007
Sun Sep 30 14:50:39 2018 i: 70, val_acc average: 0.6814096155335471, max: 0.8360365605994123
Sun Sep 30 14:53:39 2018 i: 71, val_acc average: 0.6851961085308922, max: 0.8643467954146549
Sun Sep 30 14:56:38 2018 i: 72, val_acc average: 0.6881106864705874, max: 0.8322028849582621
Sun Sep 30 14:59:38 2018 i: 73, val_acc average: 0.6807962269247586, max: 0.8487171875941862
Sun Sep 30 15:02:37 2018 i: 74, val_acc average: 0.6824535551112357, max: 0.8336773714953135
Sun Sep 30 15:05:36 2018 i: 75, val_acc average: 0.6838857775329035, max: 0.8487171859946514
Sun Sep 30 15:08:34 2018 i: 76, val_acc average: 0.6920583914328506, max: 0.8478324920580613
Sun Sep 30 15:11:34 2018 i: 77, val_acc average: 0.679270619784738, max: 0.8354467646416855
Sun Sep 30 15:14:33 2018 i: 78, val_acc average: 0.6807539581787803, max: 0.8528457638507957
Sun Sep 30 15:17:32 2018 i: 79, val_acc average: 0.6791624902110412, max: 0.8295488006700916
Sun Sep 30 15:20:31 2018 i: 80, val_acc average: 0.6847635916881661, max: 0.8398702360823667
Sun Sep 30 15:23:30 2018 i: 81, val_acc average: 0.6850496428681357, max: 0.8664110812666985
Sun Sep 30 15:26:29 2018 i: 82, val_acc average: 0.6817379357124397, max: 0.8549100505817046
Sun Sep 30 15:29:28 2018 i: 83, val_acc average: 0.6826491713860763, max: 0.8289589994391732
/home/ec2-user/anaconda3/lib/python3.6/site-packages/h5py/__init__.py:36: FutureWarning: Conversion of the second argument of issubdtype from `float` to `np.floating` is deprecated. In future, it will be treated as `np.float64 == np.dtype(float).type`.
  from ._conv import register_converters as _register_converters
Using TensorFlow backend.
